<?xml version="1.0" encoding="UTF-8"?>
<!-- Generated by org.testng.reporters.JUnitXMLReporter -->
<testsuite ignored="6" hostname="Rohit" failures="0" tests="1" name="Default test" time="60.998" errors="0" timestamp="2024-09-14T19:01:48 IST">
  <testcase classname="testcase.AcceptRejectFromClients" name="AcceptRejectClients" time="54.224"/>
  <testcase classname="testcase.AcceptRejectFromClients" name="AcceptRejectInvalidRadius" time="0.0">
    <ignored/>
  </testcase> <!-- AcceptRejectInvalidRadius -->
  <testcase classname="testcase.AcceptRejectFromClients" name="AcceptRejectInvalidProjectDesc" time="0.0">
    <ignored/>
  </testcase> <!-- AcceptRejectInvalidProjectDesc -->
  <testcase classname="testcase.AcceptRejectFromClients" name="AcceptRejectInvalidProjectType" time="0.0">
    <ignored/>
  </testcase> <!-- AcceptRejectInvalidProjectType -->
  <testcase classname="testcase.AcceptRejectFromClients" name="AcceptRejectInvalidEnterprise" time="0.0">
    <ignored/>
  </testcase> <!-- AcceptRejectInvalidEnterprise -->
  <testcase classname="testcase.AcceptRejectFromClients" name="AcceptRejectInvalidProjectTitle" time="0.0">
    <ignored/>
  </testcase> <!-- AcceptRejectInvalidProjectTitle -->
  <testcase classname="testcase.AcceptRejectFromClients" name="AcceptRejectInvalidFrequency" time="0.0">
    <ignored/>
  </testcase> <!-- AcceptRejectInvalidFrequency -->
</testsuite> <!-- Default test -->
