<?xml version="1.0" encoding="UTF-8"?>
<!-- Generated by org.testng.reporters.JUnitXMLReporter -->
<testsuite ignored="0" hostname="DESKTOP-6M54JAQ" failures="1" tests="1" name="Test" time="52.385" errors="0" timestamp="2024-08-16T12:32:33 IST">
  <testcase classname="testcase.SignUp" name="signUp" time="5.549">
    <failure type="java.lang.AssertionError" message="The following asserts failed:
	expected [India] but found [GST12345]">
      <![CDATA[java.lang.AssertionError: The following asserts failed:
expected [India] but found [GST12345]
at testcase.SignUp.signUp(SignUp.java:36)
at java.base/java.util.ArrayList.forEach(ArrayList.java:1597)
... Removed 27 stack frames]]>
    </failure>
  </testcase> <!-- signUp -->
</testsuite> <!-- Test -->
