<?xml version="1.0" encoding="UTF-8"?>
<testng-results ignored="6" total="7" passed="1" failed="0" skipped="0">
  <reporter-output>
  </reporter-output>
  <suite started-at="2024-09-15T10:17:42 IST" name="Default suite" finished-at="2024-09-15T10:19:08 IST" duration-ms="86704">
    <groups>
    </groups>
    <test started-at="2024-09-15T10:17:42 IST" name="Default test" finished-at="2024-09-15T10:19:08 IST" duration-ms="86704">
      <class name="testcase.CreateProjectExistingEnterprise">
        <test-method is-config="true" signature="setupReport()[pri:0, instance:testcase.CreateProjectExistingEnterprise@235ecd9f]" started-at="2024-09-15T10:17:41 IST" name="setupReport" finished-at="2024-09-15T10:17:42 IST" duration-ms="518" status="PASS">
          <reporter-output>
          </reporter-output>
        </test-method> <!-- setupReport -->
        <test-method is-config="true" signature="setup()[pri:0, instance:testcase.CreateProjectExistingEnterprise@235ecd9f]" started-at="2024-09-15T10:17:44 IST" name="setup" finished-at="2024-09-15T10:17:50 IST" duration-ms="5945" status="PASS">
          <reporter-output>
          </reporter-output>
        </test-method> <!-- setup -->
        <test-method signature="CreateExistingProjectPageData(java.lang.String,java.lang.String,java.lang.String,java.lang.String,java.lang.String,java.lang.String,java.lang.String,java.lang.String,java.lang.String,java.lang.String,java.lang.String,java.lang.String,java.lang.String,java.lang.String,java.lang.String,java.lang.String,java.lang.String,java.lang.String,java.lang.String,java.lang.String,java.lang.String,java.lang.String,java.lang.String)[pri:0, instance:testcase.CreateProjectExistingEnterprise@235ecd9f]" started-at="2024-09-15T10:17:50 IST" name="CreateExistingProjectPageData" data-provider="testData" finished-at="2024-09-15T10:19:08 IST" duration-ms="78231" status="PASS">
          <params>
            <param index="0">
              <value>
                <![CDATA[test@agency.com]]>
              </value>
            </param>
            <param index="1">
              <value>
                <![CDATA[123456]]>
              </value>
            </param>
            <param index="2">
              <value>
                <![CDATA[https://demo.workorbits.com/dashboard/ongoing]]>
              </value>
            </param>
            <param index="3">
              <value>
                <![CDATA[Testing123]]>
              </value>
            </param>
            <param index="4">
              <value>
                <![CDATA[Description]]>
              </value>
            </param>
            <param index="5">
              <value>
                <![CDATA[112233]]>
              </value>
            </param>
            <param index="6">
              <value>
                <![CDATA[Hello123]]>
              </value>
            </param>
            <param index="7">
              <value>
                <![CDATA[https://www.youtube.com/]]>
              </value>
            </param>
            <param index="8">
              <value>
                <![CDATA[Order1]]>
              </value>
            </param>
            <param index="9">
              <value>
                <![CDATA[3]]>
              </value>
            </param>
            <param index="10">
              <value>
                <![CDATA[ABCD]]>
              </value>
            </param>
            <param index="11">
              <value>
                <![CDATA[Tester]]>
              </value>
            </param>
            <param index="12">
              <value>
                <![CDATA[Name]]>
              </value>
            </param>
            <param index="13">
              <value>
                <![CDATA[10]]>
              </value>
            </param>
            <param index="14">
              <value>
                <![CDATA[50]]>
              </value>
            </param>
            <param index="15">
              <value>
                <![CDATA[Car]]>
              </value>
            </param>
            <param index="16">
              <value>
                <![CDATA[CarDescription]]>
              </value>
            </param>
            <param index="17">
              <value>
                <![CDATA[50000]]>
              </value>
            </param>
            <param index="18">
              <value>
                <![CDATA[1]]>
              </value>
            </param>
            <param index="19">
              <value>
                <![CDATA[5]]>
              </value>
            </param>
            <param index="20">
              <value>
                <![CDATA[Payment]]>
              </value>
            </param>
            <param index="21">
              <value>
                <![CDATA[Conditions]]>
              </value>
            </param>
            <param index="22">
              <value>
                <![CDATA[Project Created Succsessfully!]]>
              </value>
            </param>
          </params>
          <reporter-output>
          </reporter-output>
        </test-method> <!-- CreateExistingProjectPageData -->
        <test-method is-config="true" signature="tearDown()[pri:0, instance:testcase.CreateProjectExistingEnterprise@235ecd9f]" started-at="2024-09-15T10:19:08 IST" name="tearDown" finished-at="2024-09-15T10:19:08 IST" duration-ms="6" status="PASS">
          <reporter-output>
          </reporter-output>
        </test-method> <!-- tearDown -->
        <test-method is-config="true" signature="tearDownReport()[pri:0, instance:testcase.CreateProjectExistingEnterprise@235ecd9f]" started-at="2024-09-15T10:19:09 IST" name="tearDownReport" finished-at="2024-09-15T10:19:09 IST" duration-ms="731" status="PASS">
          <reporter-output>
          </reporter-output>
        </test-method> <!-- tearDownReport -->
      </class> <!-- testcase.CreateProjectExistingEnterprise -->
    </test> <!-- Default test -->
  </suite> <!-- Default suite -->
</testng-results>
