<?xml version="1.0" encoding="UTF-8"?>
<testng-results ignored="6" total="7" passed="1" failed="0" skipped="0">
  <reporter-output>
  </reporter-output>
  <suite started-at="2024-09-14T19:00:47 IST" name="Default suite" finished-at="2024-09-14T19:01:48 IST" duration-ms="60998">
    <groups>
    </groups>
    <test started-at="2024-09-14T19:00:47 IST" name="Default test" finished-at="2024-09-14T19:01:48 IST" duration-ms="60998">
      <class name="testcase.AcceptRejectFromClients">
        <test-method is-config="true" signature="setupReport()[pri:0, instance:testcase.AcceptRejectFromClients@4218d6a3]" started-at="2024-09-14T19:00:47 IST" name="setupReport" finished-at="2024-09-14T19:00:47 IST" duration-ms="147" status="PASS">
          <reporter-output>
          </reporter-output>
        </test-method> <!-- setupReport -->
        <test-method is-config="true" signature="setup()[pri:0, instance:testcase.AcceptRejectFromClients@4218d6a3]" started-at="2024-09-14T19:00:48 IST" name="setup" finished-at="2024-09-14T19:00:54 IST" duration-ms="5910" status="PASS">
          <reporter-output>
          </reporter-output>
        </test-method> <!-- setup -->
        <test-method signature="AcceptRejectClients(java.lang.String,java.lang.String,java.lang.String,java.lang.String,java.lang.String,java.lang.String,java.lang.String,java.lang.String,java.lang.String,java.lang.String,java.lang.String,java.lang.String,java.lang.String,java.lang.String,java.lang.String,java.lang.String,java.lang.String,java.lang.String,java.lang.String,java.lang.String,java.lang.String,java.lang.String,java.lang.String,java.lang.String,java.lang.String,java.lang.String,java.lang.String,java.lang.String,java.lang.String,java.lang.String)[pri:0, instance:testcase.AcceptRejectFromClients@4218d6a3]" started-at="2024-09-14T19:00:54 IST" name="AcceptRejectClients" data-provider="testData" finished-at="2024-09-14T19:01:48 IST" duration-ms="54224" status="PASS">
          <params>
            <param index="0">
              <value>
                <![CDATA[test@agency.com]]>
              </value>
            </param>
            <param index="1">
              <value>
                <![CDATA[https://demo.workorbits.com/dashboard/ongoing]]>
              </value>
            </param>
            <param index="2">
              <value>
                <![CDATA[CompanyName]]>
              </value>
            </param>
            <param index="3">
              <value>
                <![CDATA[Rohit]]>
              </value>
            </param>
            <param index="4">
              <value>
                <![CDATA[YashCLient32@gmail.com]]>
              </value>
            </param>
            <param index="5">
              <value>
                <![CDATA[8756457685]]>
              </value>
            </param>
            <param index="6">
              <value>
                <![CDATA[Enterprise user created successfully!]]>
              </value>
            </param>
            <param index="7">
              <value>
                <![CDATA[123456]]>
              </value>
            </param>
            <param index="8">
              <value>
                <![CDATA[Yash Project]]>
              </value>
            </param>
            <param index="9">
              <value>
                <![CDATA[Description]]>
              </value>
            </param>
            <param index="10">
              <value>
                <![CDATA[112233]]>
              </value>
            </param>
            <param index="11">
              <value>
                <![CDATA[Hello123]]>
              </value>
            </param>
            <param index="12">
              <value>
                <![CDATA[https://www.youtube.com/]]>
              </value>
            </param>
            <param index="13">
              <value>
                <![CDATA[Order1]]>
              </value>
            </param>
            <param index="14">
              <value>
                <![CDATA[3]]>
              </value>
            </param>
            <param index="15">
              <value>
                <![CDATA[9/2/24]]>
              </value>
            </param>
            <param index="16">
              <value>
                <![CDATA[9/10/24]]>
              </value>
            </param>
            <param index="17">
              <value>
                <![CDATA[Name]]>
              </value>
            </param>
            <param index="18">
              <value>
                <![CDATA[10]]>
              </value>
            </param>
            <param index="19">
              <value>
                <![CDATA[50]]>
              </value>
            </param>
            <param index="20">
              <value>
                <![CDATA[Car]]>
              </value>
            </param>
            <param index="21">
              <value>
                <![CDATA[CarDescription]]>
              </value>
            </param>
            <param index="22">
              <value>
                <![CDATA[50000]]>
              </value>
            </param>
            <param index="23">
              <value>
                <![CDATA[1]]>
              </value>
            </param>
            <param index="24">
              <value>
                <![CDATA[5]]>
              </value>
            </param>
            <param index="25">
              <value>
                <![CDATA[Project Created Succsessfully!]]>
              </value>
            </param>
            <param index="26">
              <value>
                <![CDATA[August New Agency]]>
              </value>
            </param>
            <param index="27">
              <value>
                <![CDATA[test@agency.com]]>
              </value>
            </param>
            <param index="28">
              <value>
                <![CDATA[123456]]>
              </value>
            </param>
            <param index="29">
              <value>
                <![CDATA[Project Status Updated Successfully!]]>
              </value>
            </param>
          </params>
          <reporter-output>
          </reporter-output>
        </test-method> <!-- AcceptRejectClients -->
        <test-method is-config="true" signature="tearDown()[pri:0, instance:testcase.AcceptRejectFromClients@4218d6a3]" started-at="2024-09-14T19:01:48 IST" name="tearDown" finished-at="2024-09-14T19:01:48 IST" duration-ms="0" status="PASS">
          <reporter-output>
          </reporter-output>
        </test-method> <!-- tearDown -->
        <test-method is-config="true" signature="tearDownReport()[pri:0, instance:testcase.AcceptRejectFromClients@4218d6a3]" started-at="2024-09-14T19:01:48 IST" name="tearDownReport" finished-at="2024-09-14T19:01:48 IST" duration-ms="168" status="PASS">
          <reporter-output>
          </reporter-output>
        </test-method> <!-- tearDownReport -->
      </class> <!-- testcase.AcceptRejectFromClients -->
    </test> <!-- Default test -->
  </suite> <!-- Default suite -->
</testng-results>
